{
"Nodes":{
"Node":[
{
"Name":"1",
"Result":[
{
"TP":"300000",#节点总压
"TT":"800"#节点总温
}
]
},
{
"Name":"21",
"Result":[
{
"TP":"166531",#节点总压
"TT":"800"#节点总温
}
]
},
{
"Name":"301",
"Result":[
{
"TP":"247797",#节点总压
"TT":"800"#节点总温
}
]
}
]
},
"Components":{
"Component":[
{
"Name":"IN1",
"Type":"1",
"Result":[
{
"AA1":"0.0015",#端口1面积
"M1":"0.22169",#端口1质量流量
"TP1":"300000",#端口1总压
"TT1":"800",#端口1总温
"SP1":"291376",#端口1静压
"ST1":"793.361",#端口1静温
"MA1":"0.204557",#端口1马赫数
"V1":"115.493",#端口1速度
"DEN1":"1.27968"#端口1密度
}
]
},
{
"Name":"OUT21",
"Type":"2",
"Result":[
{
"AA1":"0.00094248",#端口1面积
"M1":"-0.22169",#端口1质量流量
"TP1":"166531",#端口1总压
"TT1":"800",#端口1总温
"SP1":"100000",#端口1静压
"ST1":"691.522",#端口1静温
"MA1":"0.885633",#端口1马赫数
"V1":"466.833",#端口1速度
"DEN1":"0.503863"#端口1密度
}
]
},
{
"Name":"1",
"Type":"111",
"Result":[
{
"AA1":"0.0015",#端口1面积
"AA2":"0.0015",#端口2面积
"M1":"-0.22169",#端口1质量流量
"M2":"0.22169",#端口2质量流量
"TP1":"300000",#端口1总压
"TP2":"247797",#端口2总压
"TT1":"800",#端口1总温
"TT2":"800",#端口2总温
"SP1":"291376",#端口1静压
"SP2":"237192",#端口2静压
"ST1":"793.361",#端口1静温
"ST2":"790.064",#端口2静温
"MA1":"0.204557",#端口1马赫数
"MA2":"0.250763",#端口2马赫数
"V1":"115.493",#端口1速度
"V2":"141.286",#端口2速度
"DEN1":"1.27968",#端口1密度
"DEN2":"1.04606"#端口2密度
}
]
},
{
"Name":"2",
"Type":"111",
"Result":[
{
"AA1":"0.0015",#端口1面积
"AA2":"0.0015",#端口2面积
"M1":"-0.22169",#端口1质量流量
"M2":"0.22169",#端口2质量流量
"TP1":"247797",#端口1总压
"TP2":"166531",#端口2总压
"TT1":"800",#端口1总温
"TT2":"800",#端口2总温
"SP1":"237192",#端口1静压
"SP2":"149637",#端口2静压
"ST1":"790.064",#端口1静温
"ST2":"775.92",#端口2静温
"MA1":"0.250763",#端口1马赫数
"MA2":"0.393914",#端口2马赫数
"V1":"141.286",#端口1速度
"V2":"219.945",#端口2速度
"DEN1":"1.04606",#端口1密度
"DEN2":"0.671955"#端口2密度
}
]
}
]
}
}
